<?xml version="1.0" encoding="UTF-8"?>
<testsuite name="com.gibbons.server.security.SecurityHandlerTest" tests="1" skipped="0" failures="0" errors="0" timestamp="2016-05-19T18:24:35" hostname="Laptop" time="0.001">
  <properties/>
  <testcase name="createTest" classname="com.gibbons.server.security.SecurityHandlerTest" time="0.001"/>
  <system-out><![CDATA[]]></system-out>
  <system-err><![CDATA[]]></system-err>
</testsuite>
